INFO 2024-06-13 19:31:48,595 Article link: https://www.theguardian.com/food/article/2024/jun/13/liquid-gold-olive-oil-is-soaring-in-price-heres-what-to-use-instead-in-10-classic-dishes
INFO 2024-06-13 19:31:48,626 Publication Date: 13 Jun 2024
INFO 2024-06-13 19:31:48,627 Article file path: \tmp\guardianTest\20240612\guardianTest_20240613193148.txt
INFO 2024-06-13 19:31:48,663 guardianTest data saved successfully
INFO 2024-06-13 19:32:33,174 Article link: https://www.theguardian.com/food/article/2024/jun/13/liquid-gold-olive-oil-is-soaring-in-price-heres-what-to-use-instead-in-10-classic-dishes
INFO 2024-06-13 19:32:33,202 Publication Date: 13 Jun 2024
INFO 2024-06-13 19:32:33,203 Article file path: \tmp\guardianTest\20240612\guardianTest_20240613193232.txt
INFO 2024-06-13 19:32:33,205 guardianTest data saved successfully
INFO 2024-06-13 19:33:54,931 Article link: https://www.theguardian.com/food/article/2024/jun/13/liquid-gold-olive-oil-is-soaring-in-price-heres-what-to-use-instead-in-10-classic-dishes
INFO 2024-06-13 19:34:28,523 Publication Date: 13 Jun 2024
INFO 2024-06-13 19:34:37,633 Article file path: \tmp\guardianTest\20240612\guardianTest_20240613193335.txt
INFO 2024-06-13 19:34:43,693 guardianTest data saved successfully
INFO 2024-06-13 19:37:05,940 Article link: https://www.theguardian.com/food/article/2024/jun/13/liquid-gold-olive-oil-is-soaring-in-price-heres-what-to-use-instead-in-10-classic-dishes
INFO 2024-06-13 19:37:11,754 Publication Date: 13 Jun 2024
INFO 2024-06-13 19:37:11,756 Article file path: \tmp\guardianTest\20240612\guardianTest_20240613193705.txt
INFO 2024-06-13 19:37:11,763 guardianTest data saved successfully
INFO 2024-06-13 19:38:13,675 Article link: https://www.theguardian.com/food/article/2024/jun/13/liquid-gold-olive-oil-is-soaring-in-price-heres-what-to-use-instead-in-10-classic-dishes
INFO 2024-06-13 19:38:13,820 Publication Date: 13 Jun 2024
INFO 2024-06-13 19:38:13,822 Article file path: \tmp\guardianTest\20240612\guardianTest_20240613193813.txt
INFO 2024-06-13 19:38:13,841 guardianTest data saved successfully
INFO 2024-06-13 19:40:59,910 Article link: https://www.theguardian.com/food/article/2024/jun/13/liquid-gold-olive-oil-is-soaring-in-price-heres-what-to-use-instead-in-10-classic-dishes
INFO 2024-06-13 19:41:00,158 Publication Date: 13 Jun 2024
INFO 2024-06-13 19:41:00,173 Article file path: \tmp\guardianTest\20240612\guardianTest_20240613194059.txt
INFO 2024-06-13 19:41:00,182 guardianTest data saved successfully
INFO 2024-06-13 19:41:27,383 Article link: https://www.theguardian.com/food/article/2024/jun/13/liquid-gold-olive-oil-is-soaring-in-price-heres-what-to-use-instead-in-10-classic-dishes
INFO 2024-06-13 19:41:27,729 Publication Date: 13 Jun 2024
INFO 2024-06-13 19:41:27,736 Article file path: \tmp\guardianTest\20240612\guardianTest_20240613194127.txt
INFO 2024-06-13 19:41:27,759 guardianTest data saved successfully
INFO 2024-06-13 19:50:51,546 Article link: https://www.theguardian.com/food/article/2024/jun/13/liquid-gold-olive-oil-is-soaring-in-price-heres-what-to-use-instead-in-10-classic-dishes
INFO 2024-06-13 19:50:51,746 Publication Date: 13 Jun 2024
INFO 2024-06-13 19:50:51,758 Article file path: \tmp\guardianTest\20240611\guardianTest_20240613195051.txt
INFO 2024-06-13 19:50:51,767 guardianTest data saved successfully
INFO 2024-06-13 19:53:04,111 Article link: https://www.theguardian.com/food/article/2024/jun/13/liquid-gold-olive-oil-is-soaring-in-price-heres-what-to-use-instead-in-10-classic-dishes
INFO 2024-06-13 19:53:04,166 Publication Date: 13 Jun 2024
INFO 2024-06-13 19:53:04,177 Article file path: \tmp\guardianTest\20240611\guardianTest_20240613195303.txt
INFO 2024-06-13 19:53:04,780 guardianTest data saved successfully
INFO 2024-06-13 19:53:57,090 Article link: https://www.theguardian.com/food/article/2024/jun/13/liquid-gold-olive-oil-is-soaring-in-price-heres-what-to-use-instead-in-10-classic-dishes
INFO 2024-06-13 19:53:57,219 Publication Date: 13 Jun 2024
INFO 2024-06-13 19:53:57,223 Article file path: \tmp\guardianTest\guardianTest_20240613195356.txt
INFO 2024-06-13 19:53:57,459 guardianTest data saved successfully
INFO 2024-06-13 21:27:48,884 Article link: https://www.theguardian.com/food/article/2024/jun/13/liquid-gold-olive-oil-is-soaring-in-price-heres-what-to-use-instead-in-10-classic-dishes
INFO 2024-06-13 21:27:49,236 Publication Date: 13 Jun 2024
INFO 2024-06-13 21:27:49,259 Article file path: \tmp\guardianTest\20240613\guardianTest_20240613212748.txt
INFO 2024-06-13 21:27:49,274 guardianTest data saved successfully
INFO 2024-06-13 21:28:12,268 Article link: https://www.theguardian.com/food/article/2024/jun/13/liquid-gold-olive-oil-is-soaring-in-price-heres-what-to-use-instead-in-10-classic-dishes
INFO 2024-06-13 21:28:12,600 Publication Date: 13 Jun 2024
INFO 2024-06-13 21:28:12,605 Article file path: \tmp\guardianTest\20240613\guardianTest_20240613212811.txt
INFO 2024-06-13 21:28:12,608 guardianTest data saved successfully
INFO 2024-06-13 21:35:36,310 Article link: https://www.theguardian.com/environment/video/2024/jun/13/humpback-whale-tangled-in-rope-rescued-off-new-south-wales-coast-video
INFO 2024-06-13 21:35:36,504 Publication Date: 13 Jun 2024
INFO 2024-06-13 21:35:36,509 Article file path: \tmp\guardianTest\20240613\guardianTest_20240613213535.txt
INFO 2024-06-13 21:35:36,513 guardianTest data saved successfully
INFO 2024-06-13 21:35:37,025 Article link: https://www.theguardian.com/world/article/2024/jun/13/brazil-floods-black-population-affected
INFO 2024-06-13 21:35:37,266 Publication Date: 27 May 2024
INFO 2024-06-13 21:35:37,270 Article file path: \tmp\guardianTest\20240613\guardianTest_20240613213536.txt
INFO 2024-06-13 21:35:37,278 guardianTest data saved successfully
INFO 2024-06-13 21:35:37,742 Article link: https://www.theguardian.com/australia-news/article/2024/jun/13/duttons-surprise-climate-policy-proves-he-cant-be-taken-seriously-albanese-says
INFO 2024-06-13 21:35:38,027 Publication Date: 12 Jun 2024
INFO 2024-06-13 21:35:38,031 Article file path: \tmp\guardianTest\20240613\guardianTest_20240613213537.txt
INFO 2024-06-13 21:35:38,034 guardianTest data saved successfully
INFO 2024-06-13 21:35:38,464 Article link: https://www.theguardian.com/environment/article/2024/jun/13/dirty-waters-how-the-environment-agency-lost-its-way
INFO 2024-06-13 21:35:38,743 Publication Date: 13 Jun 2024
INFO 2024-06-13 21:35:38,746 Article file path: \tmp\guardianTest\20240613\guardianTest_20240613213538.txt
INFO 2024-06-13 21:35:38,749 guardianTest data saved successfully
INFO 2024-06-13 21:35:38,955 Article link: https://www.theguardian.com/business/article/2024/jun/13/insulating-home-get-a-heat-pump-uk
INFO 2024-06-13 21:35:39,235 Publication Date: 13 Jun 2024
INFO 2024-06-13 21:35:39,238 Article file path: \tmp\guardianTest\20240613\guardianTest_20240613213538.txt
INFO 2024-06-13 21:35:39,242 guardianTest data saved successfully
INFO 2024-06-13 21:35:39,697 Article link: https://www.theguardian.com/environment/article/2024/jun/13/kelp-help-how-scotlands-seaweed-growers-are-aiming-to-revolutionise-what-we-buy
INFO 2024-06-13 21:35:39,994 Publication Date: 13 Jun 2024
INFO 2024-06-13 21:35:39,999 Article file path: \tmp\guardianTest\20240613\guardianTest_20240613213539.txt
INFO 2024-06-13 21:35:40,002 guardianTest data saved successfully
INFO 2024-06-13 21:35:40,607 Article link: https://www.theguardian.com/environment/article/2024/jun/13/how-to-swim-with-sharks-in-british-waters-aoe
INFO 2024-06-13 21:35:40,834 Publication Date: 13 Jun 2024
INFO 2024-06-13 21:35:40,838 Article file path: \tmp\guardianTest\20240613\guardianTest_20240613213540.txt
INFO 2024-06-13 21:35:40,843 guardianTest data saved successfully
INFO 2024-06-13 21:35:41,228 Article link: https://www.theguardian.com/environment/article/2024/jun/13/peter-dutton-has-reignited-australias-climate-wars-whats-he-saying-and-whats-the-reality
INFO 2024-06-13 21:35:41,491 Publication Date: 12 Jun 2024
INFO 2024-06-13 21:35:41,496 Article file path: \tmp\guardianTest\20240613\guardianTest_20240613213540.txt
INFO 2024-06-13 21:35:41,498 guardianTest data saved successfully
INFO 2024-06-13 21:35:41,942 Article link: https://www.theguardian.com/us-news/article/2024/jun/13/pennsylvania-fracking-children-illnesses
INFO 2024-06-13 21:35:42,174 Publication Date: 1 September 2020
INFO 2024-06-13 21:35:42,179 Article file path: \tmp\guardianTest\20240613\guardianTest_20240613213541.txt
INFO 2024-06-13 21:35:42,182 guardianTest data saved successfully
INFO 2024-06-13 21:35:42,552 Article link: https://www.theguardian.com/environment/article/2024/jun/13/country-diary-fifty-shades-of-green
INFO 2024-06-13 21:35:42,869 Publication Date: 13 Jun 2024
INFO 2024-06-13 21:35:42,873 Article file path: \tmp\guardianTest\20240613\guardianTest_20240613213542.txt
INFO 2024-06-13 21:35:42,876 guardianTest data saved successfully
INFO 2024-06-13 21:35:43,287 Article link: https://www.theguardian.com/environment/article/2024/jun/13/bangalow-koalas-wildlife-corridors-australia-koala-logging-farming-tree-planting
INFO 2024-06-13 21:35:43,511 Publication Date: 13 Jun 2024
INFO 2024-06-13 21:35:43,515 Article file path: \tmp\guardianTest\20240613\guardianTest_20240613213542.txt
INFO 2024-06-13 21:35:43,518 guardianTest data saved successfully
INFO 2024-06-13 21:35:43,993 Article link: https://www.theguardian.com/environment/article/2024/jun/13/russia-war-with-ukraine-accelerating-global-climate-emergency-report-shows
INFO 2024-06-13 21:35:44,309 Publication Date: 13 Jun 2024
INFO 2024-06-13 21:35:44,315 Article file path: \tmp\guardianTest\20240613\guardianTest_20240613213543.txt
INFO 2024-06-13 21:35:44,319 guardianTest data saved successfully
